0 info it worked if it ends with ok
1 verbose cli [ '/home/ec2-user/.nvm/versions/node/v6.16.0/bin/node',
1 verbose cli   '/home/ec2-user/.nvm/versions/node/v6.16.0/bin/npm',
1 verbose cli   'run',
1 verbose cli   'test' ]
2 info using npm@3.10.10
3 info using node@v6.16.0
4 verbose run-script [ 'pretest', 'test', 'posttest' ]
5 info lifecycle unit-testing-ci-demo@1.0.0~pretest: unit-testing-ci-demo@1.0.0
6 silly lifecycle unit-testing-ci-demo@1.0.0~pretest: no script for pretest, continuing
7 info lifecycle unit-testing-ci-demo@1.0.0~test: unit-testing-ci-demo@1.0.0
8 verbose lifecycle unit-testing-ci-demo@1.0.0~test: unsafe-perm in lifecycle true
9 verbose lifecycle unit-testing-ci-demo@1.0.0~test: PATH: /home/ec2-user/.nvm/versions/node/v6.16.0/lib/node_modules/npm/bin/node-gyp-bin:/home/ec2-user/environment/node_modules/.bin:/home/ec2-user/.rvm/gems/ruby-2.6.0/bin:/home/ec2-user/.rvm/gems/ruby-2.6.0@global/bin:/home/ec2-user/.rvm/rubies/ruby-2.6.0/bin:/home/ec2-user/.nvm/versions/node/v6.16.0/bin:/usr/local/bin:/bin:/usr/bin:/home/ec2-user/.local/bin:/home/ec2-user/bin:/usr/local/sbin:/usr/sbin:/sbin:/opt/aws/bin:/home/ec2-user/.local/bin:/home/ec2-user/bin:/home/ec2-user/.local/bin:/home/ec2-user/bin:/home/ec2-user/.rvm/bin
10 verbose lifecycle unit-testing-ci-demo@1.0.0~test: CWD: /home/ec2-user/environment
11 silly lifecycle unit-testing-ci-demo@1.0.0~test: Args: [ '-c', 'mocha' ]
12 silly lifecycle unit-testing-ci-demo@1.0.0~test: Returned: code: 1  signal: null
13 info lifecycle unit-testing-ci-demo@1.0.0~test: Failed to exec test script
14 verbose stack Error: unit-testing-ci-demo@1.0.0 test: `mocha`
14 verbose stack Exit status 1
14 verbose stack     at EventEmitter.<anonymous> (/home/ec2-user/.nvm/versions/node/v6.16.0/lib/node_modules/npm/lib/utils/lifecycle.js:255:16)
14 verbose stack     at emitTwo (events.js:106:13)
14 verbose stack     at EventEmitter.emit (events.js:191:7)
14 verbose stack     at ChildProcess.<anonymous> (/home/ec2-user/.nvm/versions/node/v6.16.0/lib/node_modules/npm/lib/utils/spawn.js:40:14)
14 verbose stack     at emitTwo (events.js:106:13)
14 verbose stack     at ChildProcess.emit (events.js:191:7)
14 verbose stack     at maybeClose (internal/child_process.js:920:16)
14 verbose stack     at Process.ChildProcess._handle.onexit (internal/child_process.js:230:5)
15 verbose pkgid unit-testing-ci-demo@1.0.0
16 verbose cwd /home/ec2-user/environment
17 error Linux 4.14.97-74.72.amzn1.x86_64
18 error argv "/home/ec2-user/.nvm/versions/node/v6.16.0/bin/node" "/home/ec2-user/.nvm/versions/node/v6.16.0/bin/npm" "run" "test"
19 error node v6.16.0
20 error npm  v3.10.10
21 error code ELIFECYCLE
22 error unit-testing-ci-demo@1.0.0 test: `mocha`
22 error Exit status 1
23 error Failed at the unit-testing-ci-demo@1.0.0 test script 'mocha'.
23 error Make sure you have the latest version of node.js and npm installed.
23 error If you do, this is most likely a problem with the unit-testing-ci-demo package,
23 error not with npm itself.
23 error Tell the author that this fails on your system:
23 error     mocha
23 error You can get information on how to open an issue for this project with:
23 error     npm bugs unit-testing-ci-demo
23 error Or if that isn't available, you can get their info via:
23 error     npm owner ls unit-testing-ci-demo
23 error There is likely additional logging output above.
24 verbose exit [ 1, true ]
